2025-04-06 16:57:32,123 [Worker-2: Loading available Gradle versions] INFO  o.e.b.c.i.u.g.PublishedGradleVersions - Gradle version information cache is not available. Remote download required.
2025-04-06 17:19:51,931 [ModalContext] INFO  o.e.m.c.i.e.AbstractTransferListenerAdapter - Downloading https://repo.maven.apache.org/maven2/de/rieckpil/archetypes/javaee8/2.1.2/javaee8-2.1.2.pom
2025-04-06 17:19:51,978 [ModalContext] INFO  o.e.m.c.i.e.AbstractTransferListenerAdapter - Downloaded https://repo.maven.apache.org/maven2/de/rieckpil/archetypes/javaee8/2.1.2/javaee8-2.1.2.pom
2025-04-06 17:19:52,027 [ModalContext] INFO  o.e.m.c.i.e.AbstractTransferListenerAdapter - Downloading https://repo.maven.apache.org/maven2/de/rieckpil/archetypes/parent/1.0.1/parent-1.0.1.pom
2025-04-06 17:19:52,033 [ModalContext] INFO  o.e.m.c.i.e.AbstractTransferListenerAdapter - Downloaded https://repo.maven.apache.org/maven2/de/rieckpil/archetypes/parent/1.0.1/parent-1.0.1.pom
2025-04-06 17:19:52,050 [ModalContext] INFO  o.e.m.c.i.e.AbstractTransferListenerAdapter - Downloading https://repo.maven.apache.org/maven2/org/sonatype/oss/oss-parent/9/oss-parent-9.pom
2025-04-06 17:19:52,058 [ModalContext] INFO  o.e.m.c.i.e.AbstractTransferListenerAdapter - Downloaded https://repo.maven.apache.org/maven2/org/sonatype/oss/oss-parent/9/oss-parent-9.pom
2025-04-06 17:19:52,098 [ModalContext] INFO  o.e.m.c.i.e.AbstractTransferListenerAdapter - Downloading https://repo.maven.apache.org/maven2/de/rieckpil/archetypes/javaee8/2.1.2/javaee8-2.1.2.jar
2025-04-06 17:19:52,104 [ModalContext] INFO  o.e.m.c.i.e.AbstractTransferListenerAdapter - Downloaded https://repo.maven.apache.org/maven2/de/rieckpil/archetypes/javaee8/2.1.2/javaee8-2.1.2.jar
2025-04-06 17:20:55,537 [Worker-36: Launching mavenrun-abe7a2ad-b113-405e-8c89-badb58042a1a] INFO  o.eclipse.m2e.core.internal.Bundles - getClasspathEntries(Bundle=org.eclipse.m2e.maven.runtime_3.9.900.20250220-2013 [637])
2025-04-06 17:20:55,540 [Worker-36: Launching mavenrun-abe7a2ad-b113-405e-8c89-badb58042a1a] INFO  o.eclipse.m2e.core.internal.Bundles - 	Entry: C:\Users\msca0\.p2\pool\plugins\org.eclipse.m2e.maven.runtime_3.9.900.20250220-2013
2025-04-06 17:20:55,541 [Worker-36: Launching mavenrun-abe7a2ad-b113-405e-8c89-badb58042a1a] INFO  o.eclipse.m2e.core.internal.Bundles - 	Entry: C:\Users\msca0\.p2\pool\plugins\org.eclipse.m2e.maven.runtime_3.9.900.20250220-2013\jars\aopalliance-1.0.jar
2025-04-06 17:20:55,541 [Worker-36: Launching mavenrun-abe7a2ad-b113-405e-8c89-badb58042a1a] INFO  o.eclipse.m2e.core.internal.Bundles - 	Entry: C:\Users\msca0\.p2\pool\plugins\org.eclipse.m2e.maven.runtime_3.9.900.20250220-2013\jars\guice-5.1.0.jar
2025-04-06 17:20:55,541 [Worker-36: Launching mavenrun-abe7a2ad-b113-405e-8c89-badb58042a1a] INFO  o.eclipse.m2e.core.internal.Bundles - 	Entry: C:\Users\msca0\.p2\pool\plugins\org.eclipse.m2e.maven.runtime_3.9.900.20250220-2013\jars\httpclient-4.5.14.jar
2025-04-06 17:20:55,541 [Worker-36: Launching mavenrun-abe7a2ad-b113-405e-8c89-badb58042a1a] INFO  o.eclipse.m2e.core.internal.Bundles - 	Entry: C:\Users\msca0\.p2\pool\plugins\org.eclipse.m2e.maven.runtime_3.9.900.20250220-2013\jars\httpcore-4.4.16.jar
2025-04-06 17:20:55,541 [Worker-36: Launching mavenrun-abe7a2ad-b113-405e-8c89-badb58042a1a] INFO  o.eclipse.m2e.core.internal.Bundles - 	Entry: C:\Users\msca0\.p2\pool\plugins\org.eclipse.m2e.maven.runtime_3.9.900.20250220-2013\jars\jansi-2.4.1.jar
2025-04-06 17:20:55,541 [Worker-36: Launching mavenrun-abe7a2ad-b113-405e-8c89-badb58042a1a] INFO  o.eclipse.m2e.core.internal.Bundles - 	Entry: C:\Users\msca0\.p2\pool\plugins\org.eclipse.m2e.maven.runtime_3.9.900.20250220-2013\jars\jcl-over-slf4j-1.7.36.jar
2025-04-06 17:20:55,542 [Worker-36: Launching mavenrun-abe7a2ad-b113-405e-8c89-badb58042a1a] INFO  o.eclipse.m2e.core.internal.Bundles - 	Entry: C:\Users\msca0\.p2\pool\plugins\org.eclipse.m2e.maven.runtime_3.9.900.20250220-2013\jars\maven-artifact-3.9.9.jar
2025-04-06 17:20:55,542 [Worker-36: Launching mavenrun-abe7a2ad-b113-405e-8c89-badb58042a1a] INFO  o.eclipse.m2e.core.internal.Bundles - 	Entry: C:\Users\msca0\.p2\pool\plugins\org.eclipse.m2e.maven.runtime_3.9.900.20250220-2013\jars\maven-builder-support-3.9.9.jar
2025-04-06 17:20:55,542 [Worker-36: Launching mavenrun-abe7a2ad-b113-405e-8c89-badb58042a1a] INFO  o.eclipse.m2e.core.internal.Bundles - 	Entry: C:\Users\msca0\.p2\pool\plugins\org.eclipse.m2e.maven.runtime_3.9.900.20250220-2013\jars\maven-compat-3.9.9.jar
2025-04-06 17:20:55,542 [Worker-36: Launching mavenrun-abe7a2ad-b113-405e-8c89-badb58042a1a] INFO  o.eclipse.m2e.core.internal.Bundles - 	Entry: C:\Users\msca0\.p2\pool\plugins\org.eclipse.m2e.maven.runtime_3.9.900.20250220-2013\jars\maven-core-3.9.9.jar
2025-04-06 17:20:55,542 [Worker-36: Launching mavenrun-abe7a2ad-b113-405e-8c89-badb58042a1a] INFO  o.eclipse.m2e.core.internal.Bundles - 	Entry: C:\Users\msca0\.p2\pool\plugins\org.eclipse.m2e.maven.runtime_3.9.900.20250220-2013\jars\maven-embedder-3.9.9.jar
2025-04-06 17:20:55,542 [Worker-36: Launching mavenrun-abe7a2ad-b113-405e-8c89-badb58042a1a] INFO  o.eclipse.m2e.core.internal.Bundles - 	Entry: C:\Users\msca0\.p2\pool\plugins\org.eclipse.m2e.maven.runtime_3.9.900.20250220-2013\jars\maven-model-3.9.9.jar
2025-04-06 17:20:55,542 [Worker-36: Launching mavenrun-abe7a2ad-b113-405e-8c89-badb58042a1a] INFO  o.eclipse.m2e.core.internal.Bundles - 	Entry: C:\Users\msca0\.p2\pool\plugins\org.eclipse.m2e.maven.runtime_3.9.900.20250220-2013\jars\maven-model-builder-3.9.9.jar
2025-04-06 17:20:55,542 [Worker-36: Launching mavenrun-abe7a2ad-b113-405e-8c89-badb58042a1a] INFO  o.eclipse.m2e.core.internal.Bundles - 	Entry: C:\Users\msca0\.p2\pool\plugins\org.eclipse.m2e.maven.runtime_3.9.900.20250220-2013\jars\maven-plugin-api-3.9.9.jar
2025-04-06 17:20:55,542 [Worker-36: Launching mavenrun-abe7a2ad-b113-405e-8c89-badb58042a1a] INFO  o.eclipse.m2e.core.internal.Bundles - 	Entry: C:\Users\msca0\.p2\pool\plugins\org.eclipse.m2e.maven.runtime_3.9.900.20250220-2013\jars\maven-repository-metadata-3.9.9.jar
2025-04-06 17:20:55,542 [Worker-36: Launching mavenrun-abe7a2ad-b113-405e-8c89-badb58042a1a] INFO  o.eclipse.m2e.core.internal.Bundles - 	Entry: C:\Users\msca0\.p2\pool\plugins\org.eclipse.m2e.maven.runtime_3.9.900.20250220-2013\jars\maven-resolver-api-1.9.22.jar
2025-04-06 17:20:55,543 [Worker-36: Launching mavenrun-abe7a2ad-b113-405e-8c89-badb58042a1a] INFO  o.eclipse.m2e.core.internal.Bundles - 	Entry: C:\Users\msca0\.p2\pool\plugins\org.eclipse.m2e.maven.runtime_3.9.900.20250220-2013\jars\maven-resolver-connector-basic-1.9.22.jar
2025-04-06 17:20:55,543 [Worker-36: Launching mavenrun-abe7a2ad-b113-405e-8c89-badb58042a1a] INFO  o.eclipse.m2e.core.internal.Bundles - 	Entry: C:\Users\msca0\.p2\pool\plugins\org.eclipse.m2e.maven.runtime_3.9.900.20250220-2013\jars\maven-resolver-impl-1.9.22.jar
2025-04-06 17:20:55,543 [Worker-36: Launching mavenrun-abe7a2ad-b113-405e-8c89-badb58042a1a] INFO  o.eclipse.m2e.core.internal.Bundles - 	Entry: C:\Users\msca0\.p2\pool\plugins\org.eclipse.m2e.maven.runtime_3.9.900.20250220-2013\jars\maven-resolver-named-locks-1.9.22.jar
2025-04-06 17:20:55,543 [Worker-36: Launching mavenrun-abe7a2ad-b113-405e-8c89-badb58042a1a] INFO  o.eclipse.m2e.core.internal.Bundles - 	Entry: C:\Users\msca0\.p2\pool\plugins\org.eclipse.m2e.maven.runtime_3.9.900.20250220-2013\jars\maven-resolver-provider-3.9.9.jar
2025-04-06 17:20:55,543 [Worker-36: Launching mavenrun-abe7a2ad-b113-405e-8c89-badb58042a1a] INFO  o.eclipse.m2e.core.internal.Bundles - 	Entry: C:\Users\msca0\.p2\pool\plugins\org.eclipse.m2e.maven.runtime_3.9.900.20250220-2013\jars\maven-resolver-spi-1.9.22.jar
2025-04-06 17:20:55,543 [Worker-36: Launching mavenrun-abe7a2ad-b113-405e-8c89-badb58042a1a] INFO  o.eclipse.m2e.core.internal.Bundles - 	Entry: C:\Users\msca0\.p2\pool\plugins\org.eclipse.m2e.maven.runtime_3.9.900.20250220-2013\jars\maven-resolver-transport-file-1.9.22.jar
2025-04-06 17:20:55,543 [Worker-36: Launching mavenrun-abe7a2ad-b113-405e-8c89-badb58042a1a] INFO  o.eclipse.m2e.core.internal.Bundles - 	Entry: C:\Users\msca0\.p2\pool\plugins\org.eclipse.m2e.maven.runtime_3.9.900.20250220-2013\jars\maven-resolver-transport-http-1.9.22.jar
2025-04-06 17:20:55,543 [Worker-36: Launching mavenrun-abe7a2ad-b113-405e-8c89-badb58042a1a] INFO  o.eclipse.m2e.core.internal.Bundles - 	Entry: C:\Users\msca0\.p2\pool\plugins\org.eclipse.m2e.maven.runtime_3.9.900.20250220-2013\jars\maven-resolver-transport-wagon-1.9.22.jar
2025-04-06 17:20:55,543 [Worker-36: Launching mavenrun-abe7a2ad-b113-405e-8c89-badb58042a1a] INFO  o.eclipse.m2e.core.internal.Bundles - 	Entry: C:\Users\msca0\.p2\pool\plugins\org.eclipse.m2e.maven.runtime_3.9.900.20250220-2013\jars\maven-resolver-util-1.9.22.jar
2025-04-06 17:20:55,543 [Worker-36: Launching mavenrun-abe7a2ad-b113-405e-8c89-badb58042a1a] INFO  o.eclipse.m2e.core.internal.Bundles - 	Entry: C:\Users\msca0\.p2\pool\plugins\org.eclipse.m2e.maven.runtime_3.9.900.20250220-2013\jars\maven-settings-3.9.9.jar
2025-04-06 17:20:55,544 [Worker-36: Launching mavenrun-abe7a2ad-b113-405e-8c89-badb58042a1a] INFO  o.eclipse.m2e.core.internal.Bundles - 	Entry: C:\Users\msca0\.p2\pool\plugins\org.eclipse.m2e.maven.runtime_3.9.900.20250220-2013\jars\maven-settings-builder-3.9.9.jar
2025-04-06 17:20:55,544 [Worker-36: Launching mavenrun-abe7a2ad-b113-405e-8c89-badb58042a1a] INFO  o.eclipse.m2e.core.internal.Bundles - 	Entry: C:\Users\msca0\.p2\pool\plugins\org.eclipse.m2e.maven.runtime_3.9.900.20250220-2013\jars\maven-shared-utils-3.4.2.jar
2025-04-06 17:20:55,544 [Worker-36: Launching mavenrun-abe7a2ad-b113-405e-8c89-badb58042a1a] INFO  o.eclipse.m2e.core.internal.Bundles - 	Entry: C:\Users\msca0\.p2\pool\plugins\org.eclipse.m2e.maven.runtime_3.9.900.20250220-2013\jars\org.eclipse.sisu.inject-0.9.0.M3.jar
2025-04-06 17:20:55,544 [Worker-36: Launching mavenrun-abe7a2ad-b113-405e-8c89-badb58042a1a] INFO  o.eclipse.m2e.core.internal.Bundles - 	Entry: C:\Users\msca0\.p2\pool\plugins\org.eclipse.m2e.maven.runtime_3.9.900.20250220-2013\jars\org.eclipse.sisu.plexus-0.9.0.M3.jar
2025-04-06 17:20:55,544 [Worker-36: Launching mavenrun-abe7a2ad-b113-405e-8c89-badb58042a1a] INFO  o.eclipse.m2e.core.internal.Bundles - 	Entry: C:\Users\msca0\.p2\pool\plugins\org.eclipse.m2e.maven.runtime_3.9.900.20250220-2013\jars\plexus-build-api-0.0.7.jar
2025-04-06 17:20:55,544 [Worker-36: Launching mavenrun-abe7a2ad-b113-405e-8c89-badb58042a1a] INFO  o.eclipse.m2e.core.internal.Bundles - 	Entry: C:\Users\msca0\.p2\pool\plugins\org.eclipse.m2e.maven.runtime_3.9.900.20250220-2013\jars\plexus-build-api-1.2.0.jar
2025-04-06 17:20:55,545 [Worker-36: Launching mavenrun-abe7a2ad-b113-405e-8c89-badb58042a1a] INFO  o.eclipse.m2e.core.internal.Bundles - 	Entry: C:\Users\msca0\.p2\pool\plugins\org.eclipse.m2e.maven.runtime_3.9.900.20250220-2013\jars\plexus-cipher-2.0.jar
2025-04-06 17:20:55,545 [Worker-36: Launching mavenrun-abe7a2ad-b113-405e-8c89-badb58042a1a] INFO  o.eclipse.m2e.core.internal.Bundles - 	Entry: C:\Users\msca0\.p2\pool\plugins\org.eclipse.m2e.maven.runtime_3.9.900.20250220-2013\jars\plexus-classworlds-2.8.0.jar
2025-04-06 17:20:55,545 [Worker-36: Launching mavenrun-abe7a2ad-b113-405e-8c89-badb58042a1a] INFO  o.eclipse.m2e.core.internal.Bundles - 	Entry: C:\Users\msca0\.p2\pool\plugins\org.eclipse.m2e.maven.runtime_3.9.900.20250220-2013\jars\plexus-component-annotations-2.1.0.jar
2025-04-06 17:20:55,545 [Worker-36: Launching mavenrun-abe7a2ad-b113-405e-8c89-badb58042a1a] INFO  o.eclipse.m2e.core.internal.Bundles - 	Entry: C:\Users\msca0\.p2\pool\plugins\org.eclipse.m2e.maven.runtime_3.9.900.20250220-2013\jars\plexus-interpolation-1.27.jar
2025-04-06 17:20:55,545 [Worker-36: Launching mavenrun-abe7a2ad-b113-405e-8c89-badb58042a1a] INFO  o.eclipse.m2e.core.internal.Bundles - 	Entry: C:\Users\msca0\.p2\pool\plugins\org.eclipse.m2e.maven.runtime_3.9.900.20250220-2013\jars\plexus-sec-dispatcher-2.0.jar
2025-04-06 17:20:55,545 [Worker-36: Launching mavenrun-abe7a2ad-b113-405e-8c89-badb58042a1a] INFO  o.eclipse.m2e.core.internal.Bundles - 	Entry: C:\Users\msca0\.p2\pool\plugins\org.eclipse.m2e.maven.runtime_3.9.900.20250220-2013\jars\plexus-utils-3.5.1.jar
2025-04-06 17:20:55,545 [Worker-36: Launching mavenrun-abe7a2ad-b113-405e-8c89-badb58042a1a] INFO  o.eclipse.m2e.core.internal.Bundles - 	Entry: C:\Users\msca0\.p2\pool\plugins\org.eclipse.m2e.maven.runtime_3.9.900.20250220-2013\jars\plexus-xml-3.0.1.jar
2025-04-06 17:20:55,545 [Worker-36: Launching mavenrun-abe7a2ad-b113-405e-8c89-badb58042a1a] INFO  o.eclipse.m2e.core.internal.Bundles - 	Entry: C:\Users\msca0\.p2\pool\plugins\org.eclipse.m2e.maven.runtime_3.9.900.20250220-2013\jars\wagon-file-3.5.3.jar
2025-04-06 17:20:55,545 [Worker-36: Launching mavenrun-abe7a2ad-b113-405e-8c89-badb58042a1a] INFO  o.eclipse.m2e.core.internal.Bundles - 	Entry: C:\Users\msca0\.p2\pool\plugins\org.eclipse.m2e.maven.runtime_3.9.900.20250220-2013\jars\wagon-http-3.5.3.jar
2025-04-06 17:20:55,546 [Worker-36: Launching mavenrun-abe7a2ad-b113-405e-8c89-badb58042a1a] INFO  o.eclipse.m2e.core.internal.Bundles - 	Entry: C:\Users\msca0\.p2\pool\plugins\org.eclipse.m2e.maven.runtime_3.9.900.20250220-2013\jars\wagon-http-shared-3.5.3.jar
2025-04-06 17:20:55,546 [Worker-36: Launching mavenrun-abe7a2ad-b113-405e-8c89-badb58042a1a] INFO  o.eclipse.m2e.core.internal.Bundles - 	Entry: C:\Users\msca0\.p2\pool\plugins\org.eclipse.m2e.maven.runtime_3.9.900.20250220-2013\jars\wagon-provider-api-3.5.3.jar
2025-04-06 17:20:55,549 [Worker-36: Launching mavenrun-abe7a2ad-b113-405e-8c89-badb58042a1a] INFO  o.eclipse.m2e.core.internal.Bundles - getClasspathEntries(Bundle=com.google.guava_33.4.0.jre [16])
2025-04-06 17:20:55,550 [Worker-36: Launching mavenrun-abe7a2ad-b113-405e-8c89-badb58042a1a] INFO  o.eclipse.m2e.core.internal.Bundles - 	Entry: C:\Users\msca0\.p2\pool\plugins\com.google.guava_33.4.0.jre.jar
2025-04-06 17:20:55,550 [Worker-36: Launching mavenrun-abe7a2ad-b113-405e-8c89-badb58042a1a] INFO  o.eclipse.m2e.core.internal.Bundles - getClasspathEntries(Bundle=slf4j.api_2.0.16 [1004])
2025-04-06 17:20:55,550 [Worker-36: Launching mavenrun-abe7a2ad-b113-405e-8c89-badb58042a1a] INFO  o.eclipse.m2e.core.internal.Bundles - 	Entry: C:\Users\msca0\.p2\pool\plugins\slf4j.api_2.0.16.jar
2025-04-06 17:20:55,550 [Worker-36: Launching mavenrun-abe7a2ad-b113-405e-8c89-badb58042a1a] INFO  o.eclipse.m2e.core.internal.Bundles - getClasspathEntries(Bundle=jakarta.inject.jakarta.inject-api_1.0.5 [34])
2025-04-06 17:20:55,551 [Worker-36: Launching mavenrun-abe7a2ad-b113-405e-8c89-badb58042a1a] INFO  o.eclipse.m2e.core.internal.Bundles - 	Entry: C:\Users\msca0\.p2\pool\plugins\jakarta.inject.jakarta.inject-api_1.0.5.jar
2025-04-06 17:20:55,551 [Worker-36: Launching mavenrun-abe7a2ad-b113-405e-8c89-badb58042a1a] INFO  o.eclipse.m2e.core.internal.Bundles - getClasspathEntries(Bundle=jakarta.annotation-api_1.3.5 [29])
2025-04-06 17:20:55,551 [Worker-36: Launching mavenrun-abe7a2ad-b113-405e-8c89-badb58042a1a] INFO  o.eclipse.m2e.core.internal.Bundles - 	Entry: C:\Users\msca0\.p2\pool\plugins\jakarta.annotation-api_1.3.5.jar
2025-04-06 17:20:55,551 [Worker-36: Launching mavenrun-abe7a2ad-b113-405e-8c89-badb58042a1a] INFO  o.eclipse.m2e.core.internal.Bundles - getClasspathEntries(Bundle=org.apache.commons.cli_1.9.0 [74])
2025-04-06 17:20:55,551 [Worker-36: Launching mavenrun-abe7a2ad-b113-405e-8c89-badb58042a1a] INFO  o.eclipse.m2e.core.internal.Bundles - 	Entry: C:\Users\msca0\.p2\pool\plugins\org.apache.commons.cli_1.9.0.jar
2025-04-06 17:20:55,551 [Worker-36: Launching mavenrun-abe7a2ad-b113-405e-8c89-badb58042a1a] INFO  o.eclipse.m2e.core.internal.Bundles - getClasspathEntries(Bundle=org.apache.commons.commons-codec_1.16.0 [76])
2025-04-06 17:20:55,551 [Worker-36: Launching mavenrun-abe7a2ad-b113-405e-8c89-badb58042a1a] INFO  o.eclipse.m2e.core.internal.Bundles - 	Entry: C:\Users\msca0\.p2\pool\plugins\org.apache.commons.commons-codec_1.16.0.jar
2025-04-06 17:20:55,551 [Worker-36: Launching mavenrun-abe7a2ad-b113-405e-8c89-badb58042a1a] INFO  o.eclipse.m2e.core.internal.Bundles - getClasspathEntries(Bundle=com.google.guava.failureaccess_1.0.2 [17])
2025-04-06 17:20:55,552 [Worker-36: Launching mavenrun-abe7a2ad-b113-405e-8c89-badb58042a1a] INFO  o.eclipse.m2e.core.internal.Bundles - 	Entry: C:\Users\msca0\.p2\pool\plugins\com.google.guava.failureaccess_1.0.2.jar
2025-04-06 17:20:55,558 [Worker-36: Launching mavenrun-abe7a2ad-b113-405e-8c89-badb58042a1a] INFO  o.e.m.i.launch.MavenLaunchDelegate - Run build in "C:\Users\msca0\AppData\Local\Temp\m2e-archetypeGenerator6603931429964844200":
2025-04-06 17:20:55,569 [Worker-36: Launching mavenrun-abe7a2ad-b113-405e-8c89-badb58042a1a] INFO  o.e.m.i.launch.MavenLaunchDelegate -  mvn  -DarchetypeGroupId=de.rieckpil.archetypes -DarchetypeArtifactId=javaee8 -DarchetypeVersion=2.1.2 -DgroupId=InvestmentResearch -DartifactId=com.alpha.radar -Dversion=0.0.1-SNAPSHOT -Dpackage=InvestmentResearch.com.alpha.radar -DoutputDirectory=C:\Users\msca0\projects\InvestmentResearch -Dstyle.color=always -U archetype:generate
2025-04-06 17:27:03,733 [Worker-8: Loading available Gradle versions] INFO  o.e.b.c.i.u.g.PublishedGradleVersions - Gradle version information cache is up-to-date. Trying to read.
